<?xml version="1.0" encoding="UTF-8"?>
<!-- Generated by org.testng.reporters.JUnitReportReporter -->
<testsuite hostname="LAPTOP-RE35JDP4" failures="0" tests="1" name="Axis.DataDriven.ReadClass" time="5.240" errors="0" timestamp="2024-02-28T15:24:47 IST" skipped="0">
  <testcase classname="Axis.DataDriven.ReadClass" name="fblogin" time="5.240"/>
  <system-out/>
</testsuite> <!-- Axis.DataDriven.ReadClass -->
