<?xml version="1.0" encoding="UTF-8"?>
<!-- Generated by org.testng.reporters.JUnitReportReporter -->
<testsuite hostname="LAPTOP-RE35JDP4" failures="0" tests="1" name="Axis.DataDriven.WriteClass" time="4.781" errors="0" timestamp="2024-02-28T10:40:10 IST" skipped="0">
  <testcase classname="Axis.DataDriven.WriteClass" name="fblogin" time="4.781"/>
  <system-out/>
</testsuite> <!-- Axis.DataDriven.WriteClass -->
