<?xml version="1.0" encoding="UTF-8"?>
<!-- Generated by org.testng.reporters.JUnitReportReporter -->
<testsuite hostname="LAPTOP-RE35JDP4" failures="0" tests="1" name="Axis.DataDriven.ReadClass" time="4.306" errors="0" timestamp="2024-02-28T10:39:48 IST" skipped="0">
  <testcase classname="Axis.DataDriven.ReadClass" name="fblogin" time="4.306"/>
  <system-out/>
</testsuite> <!-- Axis.DataDriven.ReadClass -->
